<?xml version="1.0" encoding="UTF-8"?>
<!-- Generated by org.testng.reporters.JUnitReportReporter -->
<testsuite hostname="Manoj_Tambe_FCT" failures="0" tests="1" name="Azure.DevOps.AppTest" time="4.399" errors="0" timestamp="13 Jun 2024 10:55:18 GMT" skipped="0">
  <testcase classname="Azure.DevOps.AppTest" name="shouldAnswerWithTrue" time="4.399"/>
</testsuite> <!-- Azure.DevOps.AppTest -->
