<?xml version="1.0" encoding="UTF-8"?>
<!-- Generated by org.testng.reporters.JUnitReportReporter -->
<testsuite hostname="Manoj_Tambe_FCT" failures="0" tests="1" name="Azure.DevOps.AppTest" time="6.147" errors="0" timestamp="02 Jun 2024 12:26:35 GMT" skipped="0">
  <testcase classname="Azure.DevOps.AppTest" name="shouldAnswerWithTrue" time="6.147"/>
</testsuite> <!-- Azure.DevOps.AppTest -->
